[2015-09-06 11:40:41,947][INFO ][node                     ] [Groundhog] version[1.5.2], pid[1928], build[${build/NA]
[2015-09-06 11:40:41,948][INFO ][node                     ] [Groundhog] initializing ...
[2015-09-06 11:40:42,110][INFO ][io.crate.plugin          ] [Groundhog] plugins loaded: [] 
[2015-09-06 11:40:42,112][INFO ][plugins                  ] [Groundhog] loaded [crate-core], sites [crate-admin]
[2015-09-06 11:40:42,853][INFO ][io.crate.module          ] [Groundhog] configuring crate. version: 0.50.5
[2015-09-06 11:40:47,170][INFO ][io.crate.rest            ] [Groundhog] Elasticsearch HTTP REST API not enabled
[2015-09-06 11:40:47,320][INFO ][node                     ] [Groundhog] initialized
[2015-09-06 11:40:47,320][WARN ][bootstrap                ] SIGUSR2 signal not supported on Windows 7.
[2015-09-06 11:40:47,372][INFO ][node                     ] [Groundhog] starting ...
[2015-09-06 11:40:47,374][INFO ][io.crate.blob.BlobService] [Groundhog] BlobService.doStart() io.crate.blob.BlobService@79add732
[2015-09-06 11:40:47,611][INFO ][http                     ] [Groundhog] bound_address {inet[/0:0:0:0:0:0:0:0:4200]}, publish_address {inet[/10.0.0.3:4200]}
[2015-09-06 11:40:47,744][INFO ][transport                ] [Groundhog] bound_address {inet[/0:0:0:0:0:0:0:0:4300]}, publish_address {inet[/10.0.0.3:4300]}
[2015-09-06 11:40:48,029][INFO ][discovery                ] [Groundhog] crate/q-SJSCK0SmW8V6HSFmE_4Q
[2015-09-06 11:40:51,822][INFO ][cluster.service          ] [Groundhog] new_master [Groundhog][q-SJSCK0SmW8V6HSFmE_4Q][EXT-1MY7][inet[/10.0.0.3:4300]]{http_address=http://10.0.0.3:4200}, reason: zen-disco-join (elected_as_master)
[2015-09-06 11:40:51,840][INFO ][node                     ] [Groundhog] started
[2015-09-06 11:40:52,699][INFO ][indices.recovery         ] [Groundhog] updating [indices.recovery.recovery_activity_timeout] from [30m] to [15m]
[2015-09-06 11:40:52,712][INFO ][gateway                  ] [Groundhog] recovered [1] indices into cluster_state
[2015-09-06 18:46:23,564][INFO ][cluster.routing.allocation.decider] [Groundhog] low disk watermark [15%] exceeded on [q-SJSCK0SmW8V6HSFmE_4Q][Groundhog] free: 3.7gb[10.3%], replicas will not be assigned to this node
[2015-09-06 18:46:53,567][INFO ][cluster.routing.allocation.decider] [Groundhog] low disk watermark [15%] exceeded on [q-SJSCK0SmW8V6HSFmE_4Q][Groundhog] free: 3.7gb[10.3%], replicas will not be assigned to this node
[2015-09-06 18:47:23,569][INFO ][cluster.routing.allocation.decider] [Groundhog] low disk watermark [15%] exceeded on [q-SJSCK0SmW8V6HSFmE_4Q][Groundhog] free: 3.7gb[10.3%], replicas will not be assigned to this node
[2015-09-06 18:47:53,570][INFO ][cluster.routing.allocation.decider] [Groundhog] low disk watermark [15%] exceeded on [q-SJSCK0SmW8V6HSFmE_4Q][Groundhog] free: 3.7gb[10.3%], replicas will not be assigned to this node
[2015-09-06 18:48:23,572][INFO ][cluster.routing.allocation.decider] [Groundhog] low disk watermark [15%] exceeded on [q-SJSCK0SmW8V6HSFmE_4Q][Groundhog] free: 3.7gb[10.3%], replicas will not be assigned to this node
[2015-09-06 18:48:29,676][INFO ][bootstrap                ] running graceful exit on windows
[2015-09-06 18:48:29,681][INFO ][node                     ] [Groundhog] stopping ...
[2015-09-06 18:48:29,727][INFO ][node                     ] [Groundhog] stopped
[2015-09-06 18:48:29,727][INFO ][node                     ] [Groundhog] closing ...
[2015-09-06 18:48:29,733][INFO ][node                     ] [Groundhog] closed
